5213318107706:ENCOLADO ans_a6146c72-f4d2-47b0-8db4-b530c63ce662
EJECUTANDO:ans_a6146c72-f4d2-47b0-8db4-b530c63ce662
5213318107706:SUCCESS
5213318107706:ENCOLADO ans_a122f325-04a0-4b75-8f79-418841d58f6b
EJECUTANDO:ans_a122f325-04a0-4b75-8f79-418841d58f6b
5213318107706:SUCCESS
5213318107706:ENCOLADO ans_6b4fb1ea-6694-4733-9548-94ce1e0af670
EJECUTANDO:ans_6b4fb1ea-6694-4733-9548-94ce1e0af670
5213318107706:SUCCESS
5213318107706:ENCOLADO ans_4616a62c-4b64-416f-a270-7e778a81ab31
EJECUTANDO:ans_4616a62c-4b64-416f-a270-7e778a81ab31
5213318107706:SUCCESS
5213318107706:ENCOLADO ans_daa794b6-199d-4483-95d2-02345596b223
EJECUTANDO:ans_daa794b6-199d-4483-95d2-02345596b223
5213318107706:SUCCESS
5213318107706:ENCOLADO ans_2bf054bb-7d89-4cdf-90d6-212b6667b4f7
EJECUTANDO:ans_2bf054bb-7d89-4cdf-90d6-212b6667b4f7
5213318107706:SUCCESS
5213318107706:ENCOLADO ans_8c74200e-c0af-4c42-bd8f-cee581a8f3af
EJECUTANDO:ans_8c74200e-c0af-4c42-bd8f-cee581a8f3af
5213318107706:SUCCESS
5213318107706:ENCOLADO ans_6fb500f5-f8f1-455b-9ac9-7c03d201c85e
EJECUTANDO:ans_6fb500f5-f8f1-455b-9ac9-7c03d201c85e
5213318107706:SUCCESS
5213318107706:ENCOLADO ans_854e34e1-1cac-4326-837b-6297dde222e8
EJECUTANDO:ans_854e34e1-1cac-4326-837b-6297dde222e8
5213318107706:SUCCESS
5213318107706:ENCOLADO ans_89833a64-c8ad-4ee8-b549-b8494afb3dcc
EJECUTANDO:ans_89833a64-c8ad-4ee8-b549-b8494afb3dcc
5213318107706:SUCCESS
5213318107706:ENCOLADO ans_2e1f4f50-aa3d-4178-bbab-972f80f65302
EJECUTANDO:ans_2e1f4f50-aa3d-4178-bbab-972f80f65302
5213318107706:SUCCESS
